<?xml version="1.0" encoding="UTF-8"?>
<testng-results ignored="0" total="2" passed="2" failed="0" skipped="0">
  <reporter-output>
  </reporter-output>
  <suite started-at="2022-04-10T16:59:39 IST" name="Default suite" finished-at="2022-04-10T16:59:45 IST" duration-ms="5958">
    <groups>
    </groups>
    <test started-at="2022-04-10T16:59:39 IST" name="Default test" finished-at="2022-04-10T16:59:45 IST" duration-ms="5958">
      <class name="apiFramework.GetMultipleQuery">
        <test-method signature="getapiresponse()[pri:0, instance:apiFramework.GetMultipleQuery@fba92d3]" started-at="2022-04-10T16:59:39 IST" name="getapiresponse" finished-at="2022-04-10T16:59:43 IST" duration-ms="3893" status="PASS">
          <reporter-output>
          </reporter-output>
        </test-method> <!-- getapiresponse -->
        <test-method signature="getapiresponse2()[pri:0, instance:apiFramework.GetMultipleQuery@fba92d3]" started-at="2022-04-10T16:59:43 IST" name="getapiresponse2" finished-at="2022-04-10T16:59:45 IST" duration-ms="1995" status="PASS">
          <reporter-output>
          </reporter-output>
        </test-method> <!-- getapiresponse2 -->
      </class> <!-- apiFramework.GetMultipleQuery -->
    </test> <!-- Default test -->
  </suite> <!-- Default suite -->
</testng-results>
